<?xml version="1.0" encoding="UTF-8"?>
<TestRun id="6465f216-8be9-4337-a5f1-035706815a99" name="L.vBeek@WWA-LAPTOP48 2011-06-15 13:30:38" runUser="WWA\L.vBeek" xmlns="http://microsoft.com/schemas/VisualStudio/TeamTest/2006">
  <TestRunConfiguration name="Local Test Run" id="6179ccf1-11bb-4f02-93ed-4e32203a4659">
    <Description>This is a default test run configuration for a local test run.</Description>
    <Deployment runDeploymentRoot="D:\Development\Barcode\BarcodeScanner\TestResults\L.vBeek_WWA-LAPTOP48 2011-06-15 13_30_38">
      <DeploymentItem filename="C:\Program Files\Emgu\Emgu CV\bin\Emgu.Util.dll" />
      <DeploymentItem filename="D:\Development\Barcode\BarcodeScanner\BarcodeScanner\bin\Debug\BarcodeScanner.exe" />
      <DeploymentItem filename="C:\Program Files\Emgu\Emgu CV\bin\Emgu.CV.UI.dll" />
      <DeploymentItem filename="D:\Development\zxing\csharp\zxing.dll" />
      <DeploymentItem filename="C:\Program Files\Emgu\Emgu CV\bin\Emgu.CV.dll" />
    </Deployment>
    <TestTypeSpecific />
  </TestRunConfiguration>
  <ResultSummary outcome="Failed">
    <Counters total="1" executed="1" error="0" failed="1" timeout="0" aborted="0" inconclusive="0" passedButRunAborted="0" notRunnable="0" notExecuted="0" disconnected="0" warning="0" passed="0" completed="0" inProgress="0" pending="0" />
  </ResultSummary>
  <Times creation="2011-06-15T13:30:38.7500000+02:00" queuing="2011-06-15T13:30:40.2968750+02:00" start="2011-06-15T13:30:40.5156250+02:00" finish="2011-06-15T13:30:41.2500000+02:00" />
  <TestDefinitions>
    <UnitTest name="LaterTest" storage="d:\development\barcode\barcodescanner\tests\bin\debug\tests.dll" id="4abf7474-6ef0-5898-af48-e51fdcd8717f">
      <Css projectStructure="" iteration="" />
      <Owners>
        <Owner name="" />
      </Owners>
      <DeploymentItems>
        <DeploymentItem filename="BarcodeScanner.exe" />
      </DeploymentItems>
      <Execution id="c277f974-d0a9-4376-bef3-8f2426d2f7f3" />
      <TestMethod codeBase="D:\Development\Barcode\BarcodeScanner\Tests\bin\Debug\Tests.dll" adapterTypeName="Microsoft.VisualStudio.TestTools.TestTypes.Unit.UnitTestAdapter, Microsoft.VisualStudio.QualityTools.Tips.UnitTest.Adapter, Version=9.0.0.0, Culture=neutral, PublicKeyToken=b03f5f7f11d50a3a" className="Tests.ExcelDataReaderTest, Tests" name="LaterTest" />
    </UnitTest>
  </TestDefinitions>
  <TestLists>
    <TestList name="Results Not in a List" id="8c84fa94-04c1-424b-9868-57a2d4851a1d" />
    <TestList name="All Loaded Results" id="19431567-8539-422a-85d7-44ee4e166bda" />
  </TestLists>
  <TestEntries>
    <TestEntry testId="4abf7474-6ef0-5898-af48-e51fdcd8717f" executionId="c277f974-d0a9-4376-bef3-8f2426d2f7f3" testListId="8c84fa94-04c1-424b-9868-57a2d4851a1d" />
  </TestEntries>
  <Results>
    <UnitTestResult executionId="c277f974-d0a9-4376-bef3-8f2426d2f7f3" testId="4abf7474-6ef0-5898-af48-e51fdcd8717f" testName="LaterTest" computerName="WWA-LAPTOP48" duration="00:00:00.0552140" startTime="2011-06-15T13:30:40.6250000+02:00" endTime="2011-06-15T13:30:41.1718750+02:00" testType="13cdc9d9-ddb5-4fa4-a97d-d965ccfc6d4b" outcome="Failed" testListId="8c84fa94-04c1-424b-9868-57a2d4851a1d">
      <Output>
        <ErrorInfo>
          <Message>Test method Tests.ExcelDataReaderTest.LaterTest threw exception:  System.NullReferenceException: Object reference not set to an instance of an object..</Message>
          <StackTrace>   at BarcodeScanner.DataLookup.ExcelDataReader_Accessor.Later(DateTime questioned, DateTime compareTo)
   at Tests.ExcelDataReaderTest.LaterTest() in D:\Development\Barcode\BarcodeScanner\Tests\ExcelDataReaderTest.cs:line 99
</StackTrace>
        </ErrorInfo>
      </Output>
    </UnitTestResult>
  </Results>
</TestRun>