<?xml version="1.0" encoding="UTF-8"?>
<TestRun id="0a0b223a-41ea-474d-97fa-a1b4c6515d11" name="L.vBeek@WWA-LAPTOP48 2011-06-14 18:38:26" runUser="WWA\L.vBeek" xmlns="http://microsoft.com/schemas/VisualStudio/TeamTest/2006">
  <TestRunConfiguration name="Local Test Run" id="6179ccf1-11bb-4f02-93ed-4e32203a4659">
    <Description>This is a default test run configuration for a local test run.</Description>
    <Deployment runDeploymentRoot="D:\Development\Barcode\BarcodeScanner\TestResults\L.vBeek_WWA-LAPTOP48 2011-06-14 18_38_26">
      <DeploymentItem filename="C:\Program Files\Emgu\Emgu CV\bin\Emgu.Util.dll" />
      <DeploymentItem filename="D:\Development\Barcode\BarcodeScanner\BarcodeScanner\bin\Debug\BarcodeScanner.exe" />
      <DeploymentItem filename="C:\Program Files\Emgu\Emgu CV\bin\Emgu.CV.UI.dll" />
      <DeploymentItem filename="D:\Development\zxing\csharp\zxing.dll" />
      <DeploymentItem filename="C:\Program Files\Emgu\Emgu CV\bin\Emgu.CV.dll" />
    </Deployment>
    <TestTypeSpecific />
  </TestRunConfiguration>
  <ResultSummary outcome="Error">
    <Counters total="1" executed="1" error="0" failed="0" timeout="0" aborted="1" inconclusive="0" passedButRunAborted="0" notRunnable="0" notExecuted="0" disconnected="0" warning="0" passed="0" completed="0" inProgress="0" pending="0" />
    <RunInfos>
      <RunInfo computerName="WWA-LAPTOP48" outcome="Error" timestamp="2011-06-14T18:39:31.9218750+02:00">
        <Text>Test host process exited unexpectedly.</Text>
      </RunInfo>
    </RunInfos>
  </ResultSummary>
  <Times creation="2011-06-14T18:38:26.2187500+02:00" queuing="2011-06-14T18:38:27.2656250+02:00" start="2011-06-14T18:38:27.4375000+02:00" finish="2011-06-14T18:39:31.9218750+02:00" />
  <TestDefinitions>
    <UnitTest name="LookupTest" storage="d:\development\barcode\barcodescanner\tests\bin\debug\tests.dll" id="fbb21b4e-0678-832f-5925-ac1c8ce2bcb5">
      <Css projectStructure="" iteration="" />
      <Owners>
        <Owner name="" />
      </Owners>
      <Execution id="59c4caf2-da1e-4175-951d-e4a35041d33d" />
      <TestMethod codeBase="D:\Development\Barcode\BarcodeScanner\Tests\bin\Debug\Tests.dll" adapterTypeName="Microsoft.VisualStudio.TestTools.TestTypes.Unit.UnitTestAdapter, Microsoft.VisualStudio.QualityTools.Tips.UnitTest.Adapter, Version=9.0.0.0, Culture=neutral, PublicKeyToken=b03f5f7f11d50a3a" className="Tests.ExcelDataReaderTest, Tests" name="LookupTest" />
    </UnitTest>
  </TestDefinitions>
  <TestLists>
    <TestList name="Results Not in a List" id="8c84fa94-04c1-424b-9868-57a2d4851a1d" />
    <TestList name="All Loaded Results" id="19431567-8539-422a-85d7-44ee4e166bda" />
  </TestLists>
  <TestEntries>
    <TestEntry testId="fbb21b4e-0678-832f-5925-ac1c8ce2bcb5" executionId="de510421-30ae-418d-aa6a-058c011407c4" testListId="8c84fa94-04c1-424b-9868-57a2d4851a1d" />
  </TestEntries>
  <Results>
    <UnitTestResult executionId="de510421-30ae-418d-aa6a-058c011407c4" testId="fbb21b4e-0678-832f-5925-ac1c8ce2bcb5" testName="LookupTest" computerName="WWA-LAPTOP48" duration="00:01:04.3437500" startTime="2011-06-14T18:38:27.5781250+02:00" endTime="2011-06-14T18:39:31.9218750+02:00" testType="13cdc9d9-ddb5-4fa4-a97d-d965ccfc6d4b" outcome="Aborted" testListId="8c84fa94-04c1-424b-9868-57a2d4851a1d">
    </UnitTestResult>
  </Results>
</TestRun>