<?xml version="1.0" encoding="UTF-8"?>
<TestRun id="61c65921-2c53-45cb-b5ba-73221617b572" name="L.vBeek@WWA-LAPTOP48 2011-06-15 13:25:30" runUser="WWA\L.vBeek" xmlns="http://microsoft.com/schemas/VisualStudio/TeamTest/2006">
  <TestRunConfiguration name="Local Test Run" id="6179ccf1-11bb-4f02-93ed-4e32203a4659">
    <Description>This is a default test run configuration for a local test run.</Description>
    <Deployment runDeploymentRoot="D:\Development\Barcode\BarcodeScanner\TestResults\L.vBeek_WWA-LAPTOP48 2011-06-15 13_25_30">
      <DeploymentItem filename="C:\Program Files\Emgu\Emgu CV\bin\Emgu.Util.dll" />
      <DeploymentItem filename="D:\Development\Barcode\BarcodeScanner\BarcodeScanner\bin\Debug\BarcodeScanner.exe" />
      <DeploymentItem filename="C:\Program Files\Emgu\Emgu CV\bin\Emgu.CV.UI.dll" />
      <DeploymentItem filename="D:\Development\zxing\csharp\zxing.dll" />
      <DeploymentItem filename="C:\Program Files\Emgu\Emgu CV\bin\Emgu.CV.dll" />
    </Deployment>
    <TestTypeSpecific />
  </TestRunConfiguration>
  <ResultSummary outcome="Failed">
    <Counters total="2" executed="2" error="0" failed="2" timeout="0" aborted="0" inconclusive="0" passedButRunAborted="0" notRunnable="0" notExecuted="0" disconnected="0" warning="0" passed="0" completed="0" inProgress="0" pending="0" />
  </ResultSummary>
  <Times creation="2011-06-15T13:25:30.5937500+02:00" queuing="2011-06-15T13:25:31.4531250+02:00" start="2011-06-15T13:25:31.6406250+02:00" finish="2011-06-15T13:25:32.5625000+02:00" />
  <TestDefinitions>
    <UnitTest name="LookupTest" storage="d:\development\barcode\barcodescanner\tests\bin\debug\tests.dll" id="fbb21b4e-0678-832f-5925-ac1c8ce2bcb5">
      <Css projectStructure="" iteration="" />
      <Owners>
        <Owner name="" />
      </Owners>
      <Execution id="a3dcf496-ae08-48c0-a5a5-926f0644600e" />
      <TestMethod codeBase="D:\Development\Barcode\BarcodeScanner\Tests\bin\Debug\Tests.dll" adapterTypeName="Microsoft.VisualStudio.TestTools.TestTypes.Unit.UnitTestAdapter, Microsoft.VisualStudio.QualityTools.Tips.UnitTest.Adapter, Version=9.0.0.0, Culture=neutral, PublicKeyToken=b03f5f7f11d50a3a" className="Tests.ExcelDataReaderTest, Tests" name="LookupTest" />
    </UnitTest>
    <UnitTest name="LaterTest" storage="d:\development\barcode\barcodescanner\tests\bin\debug\tests.dll" id="4abf7474-6ef0-5898-af48-e51fdcd8717f">
      <Css projectStructure="" iteration="" />
      <Owners>
        <Owner name="" />
      </Owners>
      <DeploymentItems>
        <DeploymentItem filename="BarcodeScanner.exe" />
      </DeploymentItems>
      <Execution id="15e3f4a9-1fec-4f87-8120-18105c85c7b0" />
      <TestMethod codeBase="D:\Development\Barcode\BarcodeScanner\Tests\bin\Debug\Tests.dll" adapterTypeName="Microsoft.VisualStudio.TestTools.TestTypes.Unit.UnitTestAdapter, Microsoft.VisualStudio.QualityTools.Tips.UnitTest.Adapter, Version=9.0.0.0, Culture=neutral, PublicKeyToken=b03f5f7f11d50a3a" className="Tests.ExcelDataReaderTest, Tests" name="LaterTest" />
    </UnitTest>
  </TestDefinitions>
  <TestLists>
    <TestList name="Results Not in a List" id="8c84fa94-04c1-424b-9868-57a2d4851a1d" />
    <TestList name="All Loaded Results" id="19431567-8539-422a-85d7-44ee4e166bda" />
  </TestLists>
  <TestEntries>
    <TestEntry testId="4abf7474-6ef0-5898-af48-e51fdcd8717f" executionId="15e3f4a9-1fec-4f87-8120-18105c85c7b0" testListId="8c84fa94-04c1-424b-9868-57a2d4851a1d" />
    <TestEntry testId="fbb21b4e-0678-832f-5925-ac1c8ce2bcb5" executionId="a3dcf496-ae08-48c0-a5a5-926f0644600e" testListId="8c84fa94-04c1-424b-9868-57a2d4851a1d" />
  </TestEntries>
  <Results>
    <UnitTestResult executionId="15e3f4a9-1fec-4f87-8120-18105c85c7b0" testId="4abf7474-6ef0-5898-af48-e51fdcd8717f" testName="LaterTest" computerName="WWA-LAPTOP48" duration="00:00:00.0646953" startTime="2011-06-15T13:25:31.6718750+02:00" endTime="2011-06-15T13:25:32.2031250+02:00" testType="13cdc9d9-ddb5-4fa4-a97d-d965ccfc6d4b" outcome="Failed" testListId="8c84fa94-04c1-424b-9868-57a2d4851a1d">
      <Output>
        <ErrorInfo>
          <Message>Test method Tests.ExcelDataReaderTest.LaterTest threw exception:  System.NullReferenceException: Object reference not set to an instance of an object..</Message>
          <StackTrace>   at BarcodeScanner.DataLookup.ExcelDataReader_Accessor.Later(DateTime questioned, DateTime reference)
   at Tests.ExcelDataReaderTest.LaterTest() in D:\Development\Barcode\BarcodeScanner\Tests\ExcelDataReaderTest.cs:line 99
</StackTrace>
        </ErrorInfo>
      </Output>
    </UnitTestResult>
    <UnitTestResult executionId="a3dcf496-ae08-48c0-a5a5-926f0644600e" testId="fbb21b4e-0678-832f-5925-ac1c8ce2bcb5" testName="LookupTest" computerName="WWA-LAPTOP48" duration="00:00:00.1413903" startTime="2011-06-15T13:25:32.2187500+02:00" endTime="2011-06-15T13:25:32.3593750+02:00" testType="13cdc9d9-ddb5-4fa4-a97d-d965ccfc6d4b" outcome="Failed" testListId="8c84fa94-04c1-424b-9868-57a2d4851a1d">
      <Output>
        <ErrorInfo>
          <Message>Assert.AreEqual failed. Expected:&lt;radio&gt;. Actual:&lt;6&gt;. </Message>
          <StackTrace>   at Tests.ExcelDataReaderTest.LookupTest() in D:\Development\Barcode\BarcodeScanner\Tests\ExcelDataReaderTest.cs:line 80
</StackTrace>
        </ErrorInfo>
      </Output>
    </UnitTestResult>
  </Results>
</TestRun>